[debug] [2025-09-25T20:02:16.231Z] ----------------------------------------------------------------------
[debug] [2025-09-25T20:02:16.234Z] Command:       C:\Program Files\nodejs\node.exe C:\Users\mtman\AppData\Roaming\npm\node_modules\firebase-tools\lib\bin\firebase.js apphosting:secrets:set HARDCODED_GUILD_ID --data-file=-
[debug] [2025-09-25T20:02:16.235Z] CLI Version:   14.15.2
[debug] [2025-09-25T20:02:16.235Z] Platform:      win32
[debug] [2025-09-25T20:02:16.235Z] Node Version:  v24.4.0
[debug] [2025-09-25T20:02:16.235Z] Time:          Thu Sep 25 2025 15:02:16 GMT-0500 (Central Daylight Time)
[debug] [2025-09-25T20:02:16.235Z] ----------------------------------------------------------------------
[debug] 
[debug] [2025-09-25T20:02:16.522Z] Object "/apphosting" in "firebase.json" is missing required property: {"missingProperty":"backendId"}
[debug] [2025-09-25T20:02:16.522Z] Field "/apphosting" in "firebase.json" is possibly invalid: must be array
[debug] [2025-09-25T20:02:16.522Z] Field "/apphosting" in "firebase.json" is possibly invalid: must match a schema in anyOf
[debug] [2025-09-25T20:02:16.528Z] > command requires scopes: ["email","openid","https://www.googleapis.com/auth/cloudplatformprojects.readonly","https://www.googleapis.com/auth/firebase","https://www.googleapis.com/auth/cloud-platform"]
[debug] [2025-09-25T20:02:16.529Z] > authorizing via signed-in user (mtman1987@gmail.com)
[debug] [2025-09-25T20:02:16.530Z] > command requires scopes: ["email","openid","https://www.googleapis.com/auth/cloudplatformprojects.readonly","https://www.googleapis.com/auth/firebase","https://www.googleapis.com/auth/cloud-platform"]
[debug] [2025-09-25T20:02:16.531Z] > authorizing via signed-in user (mtman1987@gmail.com)
[debug] [2025-09-25T20:02:16.531Z] [iam] checking project cosmic-raid-app for permissions ["firebase.projects.get","secretmanager.secrets.create","secretmanager.secrets.get","secretmanager.secrets.getIamPolicy","secretmanager.secrets.setIamPolicy","secretmanager.secrets.update","secretmanager.versions.add"]
[debug] [2025-09-25T20:02:16.533Z] Checked if tokens are valid: true, expires at: 1758833412495
[debug] [2025-09-25T20:02:16.533Z] Checked if tokens are valid: true, expires at: 1758833412495
[debug] [2025-09-25T20:02:16.534Z] >>> [apiv2][query] POST https://cloudresourcemanager.googleapis.com/v1/projects/cosmic-raid-app:testIamPermissions [none]
[debug] [2025-09-25T20:02:16.534Z] >>> [apiv2][(partial)header] POST https://cloudresourcemanager.googleapis.com/v1/projects/cosmic-raid-app:testIamPermissions x-goog-quota-user=projects/cosmic-raid-app
[debug] [2025-09-25T20:02:16.534Z] >>> [apiv2][body] POST https://cloudresourcemanager.googleapis.com/v1/projects/cosmic-raid-app:testIamPermissions {"permissions":["firebase.projects.get","secretmanager.secrets.create","secretmanager.secrets.get","secretmanager.secrets.getIamPolicy","secretmanager.secrets.setIamPolicy","secretmanager.secrets.update","secretmanager.versions.add"]}
[debug] [2025-09-25T20:02:16.812Z] <<< [apiv2][status] POST https://cloudresourcemanager.googleapis.com/v1/projects/cosmic-raid-app:testIamPermissions 200
[debug] [2025-09-25T20:02:16.813Z] <<< [apiv2][body] POST https://cloudresourcemanager.googleapis.com/v1/projects/cosmic-raid-app:testIamPermissions {"permissions":["firebase.projects.get","secretmanager.secrets.create","secretmanager.secrets.get","secretmanager.secrets.getIamPolicy","secretmanager.secrets.setIamPolicy","secretmanager.secrets.update","secretmanager.versions.add"]}
[debug] [2025-09-25T20:02:16.814Z] Checked if tokens are valid: true, expires at: 1758833412495
[debug] [2025-09-25T20:02:16.814Z] Checked if tokens are valid: true, expires at: 1758833412495
[debug] [2025-09-25T20:02:16.815Z] >>> [apiv2][query] GET https://cloudresourcemanager.googleapis.com/v1/projects/cosmic-raid-app [none]
[debug] [2025-09-25T20:02:16.898Z] <<< [apiv2][status] GET https://cloudresourcemanager.googleapis.com/v1/projects/cosmic-raid-app 200
[debug] [2025-09-25T20:02:16.898Z] <<< [apiv2][body] GET https://cloudresourcemanager.googleapis.com/v1/projects/cosmic-raid-app {"projectNumber":"412519609799","projectId":"cosmic-raid-app","lifecycleState":"ACTIVE","name":"Cosmic Raid App","labels":{"monospace-workspace-id":"studio-8446191112","firebase":"enabled","firebase-core":"disabled","generative-language":"enabled"},"createTime":"2025-09-05T00:25:44.154085Z"}
[debug] [2025-09-25T20:02:16.899Z] Checked if tokens are valid: true, expires at: 1758833412495
[debug] [2025-09-25T20:02:16.899Z] Checked if tokens are valid: true, expires at: 1758833412495
[debug] [2025-09-25T20:02:16.900Z] >>> [apiv2][query] GET https://secretmanager.googleapis.com/v1/projects/cosmic-raid-app/secrets/HARDCODED_GUILD_ID [none]
[debug] [2025-09-25T20:02:17.131Z] <<< [apiv2][status] GET https://secretmanager.googleapis.com/v1/projects/cosmic-raid-app/secrets/HARDCODED_GUILD_ID 404
[debug] [2025-09-25T20:02:17.131Z] <<< [apiv2][body] GET https://secretmanager.googleapis.com/v1/projects/cosmic-raid-app/secrets/HARDCODED_GUILD_ID {"error":{"code":404,"message":"Secret [projects/412519609799/secrets/HARDCODED_GUILD_ID] not found.","status":"NOT_FOUND"}}
[debug] [2025-09-25T20:02:17.133Z] Checked if tokens are valid: true, expires at: 1758833412495
[debug] [2025-09-25T20:02:17.133Z] Checked if tokens are valid: true, expires at: 1758833412495
[debug] [2025-09-25T20:02:17.134Z] >>> [apiv2][query] POST https://secretmanager.googleapis.com/v1/projects/cosmic-raid-app/secrets secretId=HARDCODED_GUILD_ID
[debug] [2025-09-25T20:02:17.134Z] >>> [apiv2][body] POST https://secretmanager.googleapis.com/v1/projects/cosmic-raid-app/secrets {"name":"HARDCODED_GUILD_ID","replication":{"automatic":{}},"labels":{"firebase-managed":"apphosting"}}
[debug] [2025-09-25T20:02:17.445Z] <<< [apiv2][status] POST https://secretmanager.googleapis.com/v1/projects/cosmic-raid-app/secrets 200
[debug] [2025-09-25T20:02:17.445Z] <<< [apiv2][body] POST https://secretmanager.googleapis.com/v1/projects/cosmic-raid-app/secrets {"name":"projects/412519609799/secrets/HARDCODED_GUILD_ID","replication":{"automatic":{}},"createTime":"2025-09-25T20:02:17.104909Z","labels":{"firebase-managed":"apphosting"},"etag":"\"163fa5a565e515\""}
[info] +  Created new secret projects/cosmic-raid-app/secrets/HARDCODED_GUILD_ID 
[debug] [2025-09-25T20:02:17.447Z] Checked if tokens are valid: true, expires at: 1758833412495
[debug] [2025-09-25T20:02:17.447Z] Checked if tokens are valid: true, expires at: 1758833412495
[debug] [2025-09-25T20:02:17.447Z] >>> [apiv2][query] POST https://secretmanager.googleapis.com/v1/projects/cosmic-raid-app/secrets/HARDCODED_GUILD_ID:addVersion [none]
[debug] [2025-09-25T20:02:17.447Z] >>> [apiv2][body] POST https://secretmanager.googleapis.com/v1/projects/cosmic-raid-app/secrets/HARDCODED_GUILD_ID:addVersion {"payload":{"data":"MTI0MDgzMjk2NTg2NTYzNTg4MQ0K"}}
